  [1m[36m (6.8ms)[0m  [1mCREATE TABLE "schema_migrations" ("version" varchar NOT NULL) [0m
  [1m[35m (0.1ms)[0m  select sqlite_version(*)
  [1m[36m (4.8ms)[0m  [1mCREATE UNIQUE INDEX "unique_schema_migrations" ON "schema_migrations" ("version")[0m
  [1m[35mActiveRecord::SchemaMigration Load (0.1ms)[0m  SELECT "schema_migrations".* FROM "schema_migrations"
Migrating to CreateMovies (20111119180638)
  [1m[36m (0.1ms)[0m  [1mbegin transaction[0m
DEPRECATION WARNING: `#timestamps` was called without specifying an option for `null`. In Rails 5, this behavior will change to `null: false`. You should manually specify `null: true` to prevent the behavior of your existing migrations from changing. (called from block in up at /home/ec2-user/environment/hw-acceptance-unit-test-cycle/rottenpotatoes/db/migrate/20111119180638_create_movies.rb:10)
  [1m[35m (0.3ms)[0m  CREATE TABLE "movies" ("id" INTEGER PRIMARY KEY AUTOINCREMENT NOT NULL, "title" varchar, "rating" varchar, "description" text, "release_date" datetime, "created_at" datetime, "updated_at" datetime) 
  [1m[36mSQL (0.1ms)[0m  [1mINSERT INTO "schema_migrations" ("version") VALUES (?)[0m  [["version", "20111119180638"]]
  [1m[35m (5.2ms)[0m  commit transaction
  [1m[36mActiveRecord::SchemaMigration Load (0.1ms)[0m  [1mSELECT "schema_migrations".* FROM "schema_migrations"[0m
  [1m[36m (4.7ms)[0m  [1mCREATE TABLE "movies" ("id" INTEGER PRIMARY KEY AUTOINCREMENT NOT NULL, "title" varchar, "rating" varchar, "description" text, "release_date" datetime, "created_at" datetime, "updated_at" datetime) [0m
  [1m[35m (4.5ms)[0m  CREATE TABLE "schema_migrations" ("version" varchar NOT NULL) 
  [1m[36m (0.1ms)[0m  [1mselect sqlite_version(*)[0m
  [1m[35m (4.5ms)[0m  CREATE UNIQUE INDEX "unique_schema_migrations" ON "schema_migrations" ("version")
  [1m[36m (0.1ms)[0m  [1mSELECT version FROM "schema_migrations"[0m
  [1m[35m (5.8ms)[0m  INSERT INTO "schema_migrations" (version) VALUES ('20111119180638')


Started GET "/" for 165.91.13.135 at 2019-10-24 01:47:05 +0000


Started GET "/movies" for 165.91.13.135 at 2019-10-24 01:47:05 +0000
Processing by MoviesController#index as HTML
  [1m[36mMovie Load (0.1ms)[0m  [1mSELECT "movies".* FROM "movies" WHERE "movies"."rating" IN ('G', 'PG', 'PG-13', 'NC-17', 'R')[0m
  Rendered movies/index.html.haml within layouts/application (9.5ms)
Completed 200 OK in 329ms (Views: 273.7ms | ActiveRecord: 1.2ms)


Started GET "/assets/application.self-6f9b50b1298248f9ffdfe129ec4b3e377026ffe33aae3e37ecbf3da21d69be77.css?body=1" for 165.91.13.135 at 2019-10-24 01:47:05 +0000


Started GET "/assets/jquery_ujs.self-e87806d0cf4489aeb1bb7288016024e8de67fd18db693fe026fe3907581e53cd.js?body=1" for 165.91.13.135 at 2019-10-24 01:47:05 +0000


Started GET "/assets/jquery.self-660adc51e0224b731d29f575a6f1ec167ba08ad06ed5deca4f1e8654c135bf4c.js?body=1" for 165.91.13.135 at 2019-10-24 01:47:05 +0000


Started GET "/assets/application.self-ac4347b135ab8935f2dd20089f2acc8bec1d6b2ad528a80fcb03cd445dbd4d27.js?body=1" for 165.91.13.135 at 2019-10-24 01:47:05 +0000


Started GET "/movies/new" for 165.91.13.135 at 2019-10-24 01:47:08 +0000
Processing by MoviesController#new as HTML
  Rendered movies/new.html.haml within layouts/application (8.9ms)
Completed 200 OK in 17ms (Views: 16.5ms | ActiveRecord: 0.0ms)
  [1m[36m (5.5ms)[0m  [1mCREATE TABLE "movies" ("id" INTEGER PRIMARY KEY AUTOINCREMENT NOT NULL, "title" varchar, "rating" varchar, "description" text, "release_date" datetime, "created_at" datetime, "updated_at" datetime) [0m
  [1m[35m (5.2ms)[0m  CREATE TABLE "schema_migrations" ("version" varchar NOT NULL) 
  [1m[36m (0.1ms)[0m  [1mselect sqlite_version(*)[0m
  [1m[35m (4.2ms)[0m  CREATE UNIQUE INDEX "unique_schema_migrations" ON "schema_migrations" ("version")
  [1m[36m (0.6ms)[0m  [1mSELECT version FROM "schema_migrations"[0m
  [1m[35m (5.4ms)[0m  INSERT INTO "schema_migrations" (version) VALUES ('20111119180638')


Started GET "/" for 165.91.13.135 at 2019-10-24 02:00:23 +0000


Started GET "/movies" for 165.91.13.135 at 2019-10-24 02:00:23 +0000
Processing by MoviesController#index as HTML
  [1m[36mMovie Load (0.1ms)[0m  [1mSELECT "movies".* FROM "movies" WHERE "movies"."rating" IN ('G', 'PG', 'PG-13', 'NC-17', 'R')[0m
  Rendered movies/index.html.haml within layouts/application (22.0ms)
Completed 200 OK in 189ms (Views: 158.0ms | ActiveRecord: 1.8ms)


Started GET "/movies/new" for 165.91.13.135 at 2019-10-24 02:00:27 +0000
Processing by MoviesController#new as HTML
  Rendered movies/new.html.haml within layouts/application (8.2ms)
Completed 200 OK in 15ms (Views: 15.0ms | ActiveRecord: 0.0ms)
  [1m[36m (4.2ms)[0m  [1mCREATE TABLE "movies" ("id" INTEGER PRIMARY KEY AUTOINCREMENT NOT NULL, "title" varchar, "rating" varchar, "description" text, "release_date" datetime, "created_at" datetime, "updated_at" datetime) [0m
  [1m[35m (5.4ms)[0m  CREATE TABLE "schema_migrations" ("version" varchar NOT NULL) 
  [1m[36m (0.1ms)[0m  [1mselect sqlite_version(*)[0m
  [1m[35m (4.2ms)[0m  CREATE UNIQUE INDEX "unique_schema_migrations" ON "schema_migrations" ("version")
  [1m[36m (0.1ms)[0m  [1mSELECT version FROM "schema_migrations"[0m
  [1m[35m (4.1ms)[0m  INSERT INTO "schema_migrations" (version) VALUES ('20111119180638')


Started GET "/" for 165.91.13.135 at 2019-10-24 02:02:46 +0000


Started GET "/movies" for 165.91.13.135 at 2019-10-24 02:02:46 +0000
Processing by MoviesController#index as HTML
  [1m[36mMovie Load (0.1ms)[0m  [1mSELECT "movies".* FROM "movies" WHERE "movies"."rating" IN ('G', 'PG', 'PG-13', 'NC-17', 'R')[0m
  Rendered movies/index.html.haml within layouts/application (22.8ms)
Completed 200 OK in 191ms (Views: 159.5ms | ActiveRecord: 1.7ms)


Started GET "/movies/new" for 165.91.13.135 at 2019-10-24 02:02:49 +0000
Processing by MoviesController#new as HTML
  Rendered movies/new.html.haml within layouts/application (8.7ms)
Completed 200 OK in 16ms (Views: 15.8ms | ActiveRecord: 0.0ms)
  [1m[36m (5.6ms)[0m  [1mCREATE TABLE "movies" ("id" INTEGER PRIMARY KEY AUTOINCREMENT NOT NULL, "title" varchar, "rating" varchar, "description" text, "release_date" datetime, "created_at" datetime, "updated_at" datetime) [0m
  [1m[35m (4.8ms)[0m  CREATE TABLE "schema_migrations" ("version" varchar NOT NULL) 
  [1m[36m (0.1ms)[0m  [1mselect sqlite_version(*)[0m
  [1m[35m (4.3ms)[0m  CREATE UNIQUE INDEX "unique_schema_migrations" ON "schema_migrations" ("version")
  [1m[36m (0.1ms)[0m  [1mSELECT version FROM "schema_migrations"[0m
  [1m[35m (5.1ms)[0m  INSERT INTO "schema_migrations" (version) VALUES ('20111119180638')


Started GET "/" for 165.91.13.135 at 2019-10-24 02:18:12 +0000


Started GET "/movies" for 165.91.13.135 at 2019-10-24 02:18:12 +0000
Processing by MoviesController#index as HTML
  [1m[36mMovie Load (0.1ms)[0m  [1mSELECT "movies".* FROM "movies" WHERE "movies"."rating" IN ('G', 'PG', 'PG-13', 'NC-17', 'R')[0m
  Rendered movies/index.html.haml within layouts/application (23.1ms)
Completed 200 OK in 197ms (Views: 153.1ms | ActiveRecord: 2.0ms)


Started GET "/movies/new" for 165.91.13.135 at 2019-10-24 02:18:23 +0000
Processing by MoviesController#new as HTML
  Rendered movies/new.html.haml within layouts/application (8.5ms)
Completed 200 OK in 16ms (Views: 15.5ms | ActiveRecord: 0.0ms)
  [1m[36m (4.7ms)[0m  [1mCREATE TABLE "movies" ("id" INTEGER PRIMARY KEY AUTOINCREMENT NOT NULL, "title" varchar, "rating" varchar, "description" text, "release_date" datetime, "created_at" datetime, "updated_at" datetime) [0m
  [1m[35m (4.5ms)[0m  CREATE TABLE "schema_migrations" ("version" varchar NOT NULL) 
  [1m[36m (0.1ms)[0m  [1mselect sqlite_version(*)[0m
  [1m[35m (5.6ms)[0m  CREATE UNIQUE INDEX "unique_schema_migrations" ON "schema_migrations" ("version")
  [1m[36m (0.1ms)[0m  [1mSELECT version FROM "schema_migrations"[0m
  [1m[35m (4.0ms)[0m  INSERT INTO "schema_migrations" (version) VALUES ('20111119180638')


Started GET "/" for 165.91.13.135 at 2019-10-24 02:20:57 +0000


Started GET "/movies" for 165.91.13.135 at 2019-10-24 02:20:57 +0000
Processing by MoviesController#index as HTML
  [1m[36mMovie Load (0.1ms)[0m  [1mSELECT "movies".* FROM "movies" WHERE "movies"."rating" IN ('G', 'PG', 'PG-13', 'NC-17', 'R')[0m
  Rendered movies/index.html.haml within layouts/application (12.4ms)
Completed 200 OK in 191ms (Views: 159.8ms | ActiveRecord: 1.3ms)


Started GET "/movies/new" for 165.91.13.135 at 2019-10-24 02:21:02 +0000
Processing by MoviesController#new as HTML
  Rendered movies/new.html.haml within layouts/application (8.6ms)
Completed 200 OK in 16ms (Views: 15.4ms | ActiveRecord: 0.0ms)


Started POST "/movies" for 165.91.13.135 at 2019-10-24 02:21:18 +0000
Processing by MoviesController#create as HTML
  Parameters: {"utf8"=>"✓", "authenticity_token"=>"ZbvKyC+9BTygX0nHRXSHubgKDjPZK424szVR55kyJBuLSSc+tSQso1MxrdnL64fiW0NNnDqW6Pqt2WqyqGwhow==", "movie"=>{"title"=>"myself", "rating"=>"G", "release_date(1i)"=>"2019", "release_date(2i)"=>"10", "release_date(3i)"=>"24", "director"=>"tb"}, "commit"=>"Save Changes"}
Completed 500 Internal Server Error in 5ms (ActiveRecord: 0.2ms)

ActiveRecord::UnknownAttributeError (unknown attribute 'director' for Movie.):
  app/controllers/movies_controller.rb:43:in `create'


  Rendered /home/ec2-user/.rvm/gems/ruby-2.4.0/gems/actionpack-4.2.10/lib/action_dispatch/middleware/templates/rescues/_source.erb (5.1ms)
  Rendered /home/ec2-user/.rvm/gems/ruby-2.4.0/gems/actionpack-4.2.10/lib/action_dispatch/middleware/templates/rescues/_trace.html.erb (2.3ms)
  Rendered /home/ec2-user/.rvm/gems/ruby-2.4.0/gems/actionpack-4.2.10/lib/action_dispatch/middleware/templates/rescues/_request_and_response.html.erb (0.9ms)
  Rendered /home/ec2-user/.rvm/gems/ruby-2.4.0/gems/actionpack-4.2.10/lib/action_dispatch/middleware/templates/rescues/diagnostics.html.erb within rescues/layout (21.4ms)
  [1m[36mActiveRecord::SchemaMigration Load (0.1ms)[0m  [1mSELECT "schema_migrations".* FROM "schema_migrations"[0m
  [1m[35mActiveRecord::SchemaMigration Load (0.1ms)[0m  SELECT "schema_migrations".* FROM "schema_migrations"
  [1m[36m (4.5ms)[0m  [1mCREATE TABLE "movies" ("id" INTEGER PRIMARY KEY AUTOINCREMENT NOT NULL, "title" varchar, "rating" varchar, "description" text, "release_date" datetime, "created_at" datetime, "updated_at" datetime) [0m
  [1m[35m (4.4ms)[0m  CREATE TABLE "schema_migrations" ("version" varchar NOT NULL) 
  [1m[36m (0.1ms)[0m  [1mselect sqlite_version(*)[0m
  [1m[35m (5.7ms)[0m  CREATE UNIQUE INDEX "unique_schema_migrations" ON "schema_migrations" ("version")
  [1m[36m (0.1ms)[0m  [1mSELECT version FROM "schema_migrations"[0m
  [1m[35m (4.2ms)[0m  INSERT INTO "schema_migrations" (version) VALUES ('20111119180638')
